<?xml version="1.0" encoding="UTF-8"?>
<!-- Generated by org.testng.reporters.JUnitReportReporter -->
<testsuite hostname="LAPTOP-8DAJL6E8" failures="0" tests="1" name="com.inetbanking.testCases.TC_LoginTest_001" time="4.685" errors="0" timestamp="2020-03-21T11:32:57 CDT" skipped="0">
  <testcase classname="com.inetbanking.testCases.TC_LoginTest_001" name="loginTest" time="4.685"/>
</testsuite> <!-- com.inetbanking.testCases.TC_LoginTest_001 -->
